#! /usr/bin/vvp
:ivl_version "10.1 (stable)";
:ivl_delay_selection "TYPICAL";
:vpi_time_precision - 12;
:vpi_module "system";
:vpi_module "vhdl_sys";
:vpi_module "v2005_math";
:vpi_module "va_math";
S_0x7fffd704eb80 .scope module, "id_ex" "id_ex" 2 10;
 .timescale -9 -12;
    .port_info 0 /INPUT 2 "ctlwb_out"
    .port_info 1 /INPUT 3 "ctlm_out"
    .port_info 2 /INPUT 4 "ctlex_out"
    .port_info 3 /INPUT 32 "npc"
    .port_info 4 /INPUT 32 "readdat1"
    .port_info 5 /INPUT 32 "readdat2"
    .port_info 6 /INPUT 32 "signext_out"
    .port_info 7 /INPUT 5 "instr_2016"
    .port_info 8 /INPUT 5 "instr_1511"
    .port_info 9 /OUTPUT 2 "wb_ctlout"
    .port_info 10 /OUTPUT 3 "m_ctlout"
    .port_info 11 /OUTPUT 1 "regdst"
    .port_info 12 /OUTPUT 1 "alusrc"
    .port_info 13 /OUTPUT 2 "aluop"
    .port_info 14 /OUTPUT 32 "npcout"
    .port_info 15 /OUTPUT 32 "rdata1out"
    .port_info 16 /OUTPUT 32 "rdata2out"
    .port_info 17 /OUTPUT 32 "s_extendout"
    .port_info 18 /OUTPUT 5 "instrout_2016"
    .port_info 19 /OUTPUT 5 "instrout_1511"
v0x7fffd7064620_0 .var "aluop", 1 0;
v0x7fffd70810e0_0 .var "alusrc", 0 0;
o0x7f9abb250078 .functor BUFZ 4, C4<zzzz>; HiZ drive
v0x7fffd70811a0_0 .net "ctlex_out", 3 0, o0x7f9abb250078;  0 drivers
o0x7f9abb2500a8 .functor BUFZ 3, C4<zzz>; HiZ drive
v0x7fffd7081260_0 .net "ctlm_out", 2 0, o0x7f9abb2500a8;  0 drivers
o0x7f9abb2500d8 .functor BUFZ 2, C4<zz>; HiZ drive
v0x7fffd7081340_0 .net "ctlwb_out", 1 0, o0x7f9abb2500d8;  0 drivers
o0x7f9abb250108 .functor BUFZ 5, C4<zzzzz>; HiZ drive
v0x7fffd7081420_0 .net "instr_1511", 4 0, o0x7f9abb250108;  0 drivers
o0x7f9abb250138 .functor BUFZ 5, C4<zzzzz>; HiZ drive
v0x7fffd7081500_0 .net "instr_2016", 4 0, o0x7f9abb250138;  0 drivers
v0x7fffd70815e0_0 .var "instrout_1511", 4 0;
v0x7fffd70816c0_0 .var "instrout_2016", 4 0;
v0x7fffd70817a0_0 .var "m_ctlout", 2 0;
o0x7f9abb2501f8 .functor BUFZ 32, C4<zzzzzzzzzzzzzzzzzzzzzzzzzzzzzzzz>; HiZ drive
v0x7fffd7081880_0 .net "npc", 31 0, o0x7f9abb2501f8;  0 drivers
v0x7fffd7081960_0 .var "npcout", 31 0;
v0x7fffd7081a40_0 .var "rdata1out", 31 0;
v0x7fffd7081b20_0 .var "rdata2out", 31 0;
o0x7f9abb2502b8 .functor BUFZ 32, C4<zzzzzzzzzzzzzzzzzzzzzzzzzzzzzzzz>; HiZ drive
v0x7fffd7081c00_0 .net "readdat1", 31 0, o0x7f9abb2502b8;  0 drivers
o0x7f9abb2502e8 .functor BUFZ 32, C4<zzzzzzzzzzzzzzzzzzzzzzzzzzzzzzzz>; HiZ drive
v0x7fffd7081ce0_0 .net "readdat2", 31 0, o0x7f9abb2502e8;  0 drivers
v0x7fffd7081dc0_0 .var "regdst", 0 0;
v0x7fffd7081e80_0 .var "s_extendout", 31 0;
o0x7f9abb250378 .functor BUFZ 32, C4<zzzzzzzzzzzzzzzzzzzzzzzzzzzzzzzz>; HiZ drive
v0x7fffd7081f60_0 .net "signext_out", 31 0, o0x7f9abb250378;  0 drivers
v0x7fffd7082040_0 .var "wb_ctlout", 1 0;
E_0x7fffd6fc2740/0 .event edge, v0x7fffd7081340_0, v0x7fffd7081260_0, v0x7fffd70811a0_0, v0x7fffd7081880_0;
E_0x7fffd6fc2740/1 .event edge, v0x7fffd7081c00_0, v0x7fffd7081ce0_0, v0x7fffd7081f60_0, v0x7fffd7081500_0;
E_0x7fffd6fc2740/2 .event edge, v0x7fffd7081420_0;
E_0x7fffd6fc2740 .event/or E_0x7fffd6fc2740/0, E_0x7fffd6fc2740/1, E_0x7fffd6fc2740/2;
S_0x7fffd6fd9250 .scope module, "pipeline" "pipeline" 3 9;
 .timescale -9 -12;
v0x7fffd70936f0_0 .net "EX_MEM_NPC", 31 0, v0x7fffd7085780_0;  1 drivers
v0x7fffd7093860_0 .net "EX_MEM_PCSrc", 0 0, L_0x7fffd70a6940;  1 drivers
v0x7fffd70939b0_0 .net "IF_ID_instr", 31 0, v0x7fffd708e2a0_0;  1 drivers
v0x7fffd7093a50_0 .net "IF_ID_npc", 31 0, v0x7fffd708e430_0;  1 drivers
v0x7fffd7093b80_0 .net "MEM_WB_memtoreg", 0 0, v0x7fffd70917b0_0;  1 drivers
v0x7fffd7093cb0_0 .net "MEM_WB_rd", 4 0, v0x7fffd70916a0_0;  1 drivers
v0x7fffd7093e00_0 .net "MEM_WB_regwrite", 0 0, v0x7fffd7091a60_0;  1 drivers
v0x7fffd7093f30_0 .net "WB_mux_writedata", 31 0, L_0x7fffd70a69b0;  1 drivers
v0x7fffd7094080_0 .net "alu_result", 31 0, v0x7fffd7085940_0;  1 drivers
v0x7fffd70941d0_0 .net "aluop", 1 0, v0x7fffd7089750_0;  1 drivers
v0x7fffd7094320_0 .net "alusrc", 0 0, v0x7fffd7089880_0;  1 drivers
v0x7fffd7094450_0 .net "branch", 0 0, v0x7fffd7085bc0_0;  1 drivers
v0x7fffd7094580_0 .net "five_bit_muxout", 4 0, v0x7fffd7085e00_0;  1 drivers
v0x7fffd70946d0_0 .net "instrout_1511", 4 0, v0x7fffd7089d40_0;  1 drivers
v0x7fffd7094820_0 .net "instrout_2016", 4 0, v0x7fffd7089e50_0;  1 drivers
v0x7fffd7094970_0 .net "m_ctlout", 2 0, v0x7fffd7089fa0_0;  1 drivers
v0x7fffd7094ac0_0 .net "mem_alu_result", 31 0, v0x7fffd70915e0_0;  1 drivers
v0x7fffd7094c90_0 .net "memread", 0 0, v0x7fffd7085f70_0;  1 drivers
v0x7fffd7094dc0_0 .net "memwrite", 0 0, v0x7fffd7086030_0;  1 drivers
v0x7fffd7094ef0_0 .net "npcout", 31 0, v0x7fffd708a190_0;  1 drivers
v0x7fffd7095040_0 .net "rdata1out", 31 0, v0x7fffd708a2a0_0;  1 drivers
v0x7fffd7095190_0 .net "rdata2out", 31 0, v0x7fffd708a3b0_0;  1 drivers
v0x7fffd7095250_0 .net "rdata2out_pipe", 31 0, v0x7fffd70861e0_0;  1 drivers
v0x7fffd70953a0_0 .net "read_data", 31 0, v0x7fffd70918c0_0;  1 drivers
v0x7fffd70954f0_0 .net "regdst", 0 0, v0x7fffd708a630_0;  1 drivers
v0x7fffd7095620_0 .net "s_extendout", 31 0, v0x7fffd708a830_0;  1 drivers
v0x7fffd70956e0_0 .net "wb_ctlout", 1 0, v0x7fffd708a9d0_0;  1 drivers
v0x7fffd7095830_0 .net "wb_ctlout_pipe", 1 0, v0x7fffd7086380_0;  1 drivers
v0x7fffd7095980_0 .net "zero", 0 0, v0x7fffd7086460_0;  1 drivers
S_0x7fffd70823a0 .scope module, "execute3" "execute" 3 56, 4 10 0, S_0x7fffd6fd9250;
 .timescale -9 -12;
    .port_info 0 /INPUT 2 "wb_ctl"
    .port_info 1 /INPUT 3 "m_ctl"
    .port_info 2 /INPUT 1 "regdst"
    .port_info 3 /INPUT 1 "alusrc"
    .port_info 4 /INPUT 2 "aluop"
    .port_info 5 /INPUT 32 "npcout"
    .port_info 6 /INPUT 32 "rdata1"
    .port_info 7 /INPUT 32 "rdata2"
    .port_info 8 /INPUT 32 "s_extendout"
    .port_info 9 /INPUT 5 "instrout_2016"
    .port_info 10 /INPUT 5 "instrout_1511"
    .port_info 11 /OUTPUT 2 "wb_ctlout"
    .port_info 12 /OUTPUT 1 "branch"
    .port_info 13 /OUTPUT 1 "memread"
    .port_info 14 /OUTPUT 1 "memwrite"
    .port_info 15 /OUTPUT 32 "EX_MEM_NPC"
    .port_info 16 /OUTPUT 1 "zero"
    .port_info 17 /OUTPUT 32 "alu_result"
    .port_info 18 /OUTPUT 32 "rdata2out"
    .port_info 19 /OUTPUT 32 "add_result"
    .port_info 20 /OUTPUT 5 "five_bit_muxout"
o0x7f9abb251488 .functor BUFZ 32, C4<zzzzzzzzzzzzzzzzzzzzzzzzzzzzzzzz>; HiZ drive
v0x7fffd7086d70_0 .net "EX_MEM_NPC", 31 0, o0x7f9abb251488;  0 drivers
v0x7fffd7086e70_0 .net "add_result", 31 0, v0x7fffd7085780_0;  alias, 1 drivers
v0x7fffd7086f30_0 .net "adder_out", 31 0, L_0x7fffd70a6330;  1 drivers
v0x7fffd7087050_0 .net "alu_result", 31 0, v0x7fffd7085940_0;  alias, 1 drivers
v0x7fffd70870f0_0 .net "aluop", 1 0, v0x7fffd7089750_0;  alias, 1 drivers
v0x7fffd70871e0_0 .net "aluout", 31 0, v0x7fffd7083a50_0;  1 drivers
v0x7fffd70872d0_0 .net "alusrc", 0 0, v0x7fffd7089880_0;  alias, 1 drivers
v0x7fffd7087370_0 .net "aluzero", 0 0, L_0x7fffd70a6650;  1 drivers
v0x7fffd7087460_0 .net "b", 31 0, L_0x7fffd70a63d0;  1 drivers
v0x7fffd7087500_0 .net "branch", 0 0, v0x7fffd7085bc0_0;  alias, 1 drivers
v0x7fffd70875a0_0 .net "control", 2 0, v0x7fffd7084c50_0;  1 drivers
v0x7fffd7087690_0 .net "five_bit_muxout", 4 0, v0x7fffd7085e00_0;  alias, 1 drivers
v0x7fffd7087750_0 .net "instrout_1511", 4 0, v0x7fffd7089d40_0;  alias, 1 drivers
v0x7fffd70877f0_0 .net "instrout_2016", 4 0, v0x7fffd7089e50_0;  alias, 1 drivers
v0x7fffd70878c0_0 .net "m_ctl", 2 0, v0x7fffd7089fa0_0;  alias, 1 drivers
v0x7fffd7087990_0 .net "memread", 0 0, v0x7fffd7085f70_0;  alias, 1 drivers
v0x7fffd7087a60_0 .net "memwrite", 0 0, v0x7fffd7086030_0;  alias, 1 drivers
v0x7fffd7087b30_0 .net "muxout", 4 0, L_0x7fffd70a68a0;  1 drivers
v0x7fffd7087c20_0 .net "npcout", 31 0, v0x7fffd708a190_0;  alias, 1 drivers
v0x7fffd7087cc0_0 .net "rdata1", 31 0, v0x7fffd708a2a0_0;  alias, 1 drivers
v0x7fffd7087d90_0 .net "rdata2", 31 0, v0x7fffd708a3b0_0;  alias, 1 drivers
v0x7fffd7087e80_0 .net "rdata2out", 31 0, v0x7fffd70861e0_0;  alias, 1 drivers
v0x7fffd7087f20_0 .net "regdst", 0 0, v0x7fffd708a630_0;  alias, 1 drivers
v0x7fffd7087ff0_0 .net "s_extendout", 31 0, v0x7fffd708a830_0;  alias, 1 drivers
v0x7fffd70880e0_0 .net "wb_ctl", 1 0, v0x7fffd708a9d0_0;  alias, 1 drivers
v0x7fffd7088180_0 .net "wb_ctlout", 1 0, v0x7fffd7086380_0;  alias, 1 drivers
v0x7fffd7088250_0 .net "zero", 0 0, v0x7fffd7086460_0;  alias, 1 drivers
L_0x7fffd70a66f0 .part v0x7fffd708a830_0, 0, 6;
S_0x7fffd7082740 .scope module, "adder1" "adder" 4 33, 5 10 0, S_0x7fffd70823a0;
 .timescale -9 -12;
    .port_info 0 /INPUT 32 "add_in1"
    .port_info 1 /INPUT 32 "add_in2"
    .port_info 2 /OUTPUT 32 "add_out"
v0x7fffd70829a0_0 .net "add_in1", 31 0, v0x7fffd708a190_0;  alias, 1 drivers
v0x7fffd7082aa0_0 .net "add_in2", 31 0, v0x7fffd708a830_0;  alias, 1 drivers
v0x7fffd7082b80_0 .net "add_out", 31 0, L_0x7fffd70a6330;  alias, 1 drivers
L_0x7fffd70a6330 .arith/sum 32, v0x7fffd708a190_0, v0x7fffd708a830_0;
S_0x7fffd7082cc0 .scope module, "alu1" "alu" 4 48, 6 10 0, S_0x7fffd70823a0;
 .timescale -9 -12;
    .port_info 0 /INPUT 32 "a"
    .port_info 1 /INPUT 32 "b"
    .port_info 2 /INPUT 3 "control"
    .port_info 3 /OUTPUT 32 "result"
    .port_info 4 /OUTPUT 1 "zero"
P_0x7fffd7082e90 .param/l "ALUadd" 0 6 18, C4<010>;
P_0x7fffd7082ed0 .param/l "ALUand" 0 6 20, C4<000>;
P_0x7fffd7082f10 .param/l "ALUor" 0 6 21, C4<001>;
P_0x7fffd7082f50 .param/l "ALUslt" 0 6 22, C4<111>;
P_0x7fffd7082f90 .param/l "ALUsub" 0 6 19, C4<110>;
L_0x7fffd70a5cd0 .functor XOR 1, L_0x7fffd70a6470, L_0x7fffd70a6510, C4<0>, C4<0>;
v0x7fffd7083240_0 .net *"_s1", 0 0, L_0x7fffd70a6470;  1 drivers
L_0x7f9abb1d00a8 .functor BUFT 1, C4<1>, C4<0>, C4<0>, C4<0>;
v0x7fffd7083340_0 .net/2u *"_s10", 0 0, L_0x7f9abb1d00a8;  1 drivers
L_0x7f9abb1d00f0 .functor BUFT 1, C4<0>, C4<0>, C4<0>, C4<0>;
v0x7fffd7083420_0 .net/2u *"_s12", 0 0, L_0x7f9abb1d00f0;  1 drivers
v0x7fffd70834e0_0 .net *"_s3", 0 0, L_0x7fffd70a6510;  1 drivers
L_0x7f9abb1d0060 .functor BUFT 1, C4<00000000000000000000000000000000>, C4<0>, C4<0>, C4<0>;
v0x7fffd70835c0_0 .net/2u *"_s6", 31 0, L_0x7f9abb1d0060;  1 drivers
v0x7fffd70836f0_0 .net *"_s8", 0 0, L_0x7fffd70a65b0;  1 drivers
v0x7fffd70837b0_0 .net "a", 31 0, v0x7fffd708a2a0_0;  alias, 1 drivers
v0x7fffd7083890_0 .net "b", 31 0, L_0x7fffd70a63d0;  alias, 1 drivers
v0x7fffd7083970_0 .net "control", 2 0, v0x7fffd7084c50_0;  alias, 1 drivers
v0x7fffd7083a50_0 .var "result", 31 0;
v0x7fffd7083b30_0 .net "sign_mismatch", 0 0, L_0x7fffd70a5cd0;  1 drivers
v0x7fffd7083bf0_0 .net "zero", 0 0, L_0x7fffd70a6650;  alias, 1 drivers
E_0x7fffd6fc1760 .event edge, v0x7fffd7083970_0, v0x7fffd70837b0_0, v0x7fffd7083890_0, v0x7fffd7083b30_0;
L_0x7fffd70a6470 .part v0x7fffd708a2a0_0, 31, 1;
L_0x7fffd70a6510 .part L_0x7fffd70a63d0, 31, 1;
L_0x7fffd70a65b0 .cmp/eq 32, v0x7fffd7083a50_0, L_0x7f9abb1d0060;
L_0x7fffd70a6650 .functor MUXZ 1, L_0x7f9abb1d00f0, L_0x7f9abb1d00a8, L_0x7fffd70a65b0, C4<>;
S_0x7fffd7083d50 .scope module, "alu_control1" "alu_control" 4 57, 7 10 0, S_0x7fffd70823a0;
 .timescale -9 -12;
    .port_info 0 /INPUT 6 "funct"
    .port_info 1 /INPUT 2 "aluop"
    .port_info 2 /OUTPUT 3 "select"
P_0x7fffd7083ed0 .param/l "ALUadd" 0 7 30, C4<010>;
P_0x7fffd7083f10 .param/l "ALUand" 0 7 32, C4<000>;
P_0x7fffd7083f50 .param/l "ALUor" 0 7 33, C4<001>;
P_0x7fffd7083f90 .param/l "ALUslt" 0 7 34, C4<111>;
P_0x7fffd7083fd0 .param/l "ALUsub" 0 7 31, C4<110>;
P_0x7fffd7084010 .param/l "ALUx" 0 7 37, C4<011>;
P_0x7fffd7084050 .param/l "Itype" 0 7 26, C4<01>;
P_0x7fffd7084090 .param/l "Radd" 0 7 19, C4<100000>;
P_0x7fffd70840d0 .param/l "Rand" 0 7 21, C4<100100>;
P_0x7fffd7084110 .param/l "Ror" 0 7 22, C4<100101>;
P_0x7fffd7084150 .param/l "Rslt" 0 7 23, C4<101010>;
P_0x7fffd7084190 .param/l "Rsub" 0 7 20, C4<100010>;
P_0x7fffd70841d0 .param/l "Rtype" 0 7 17, C4<10>;
P_0x7fffd7084210 .param/l "lwsw" 0 7 25, C4<00>;
P_0x7fffd7084250 .param/l "unknown" 0 7 36, C4<11>;
P_0x7fffd7084290 .param/l "xis" 0 7 27, C4<xxxxxx>;
v0x7fffd7084a70_0 .net "aluop", 1 0, v0x7fffd7089750_0;  alias, 1 drivers
v0x7fffd7084b70_0 .net "funct", 5 0, L_0x7fffd70a66f0;  1 drivers
v0x7fffd7084c50_0 .var "select", 2 0;
E_0x7fffd6fc1320 .event edge, v0x7fffd7084a70_0, v0x7fffd7084b70_0, v0x7fffd7083970_0;
S_0x7fffd7084d50 .scope module, "bottom_mux1" "bottom_mux" 4 64, 8 9 0, S_0x7fffd70823a0;
 .timescale -9 -12;
    .port_info 0 /OUTPUT 5 "y"
    .port_info 1 /INPUT 5 "a"
    .port_info 2 /INPUT 5 "b"
    .port_info 3 /INPUT 1 "sel"
v0x7fffd7084f50_0 .net "a", 4 0, v0x7fffd7089d40_0;  alias, 1 drivers
v0x7fffd7085030_0 .net "b", 4 0, v0x7fffd7089e50_0;  alias, 1 drivers
v0x7fffd7085110_0 .net "sel", 0 0, v0x7fffd708a630_0;  alias, 1 drivers
v0x7fffd70851e0_0 .net "y", 4 0, L_0x7fffd70a68a0;  alias, 1 drivers
L_0x7fffd70a68a0 .functor MUXZ 5, v0x7fffd7089e50_0, v0x7fffd7089d40_0, v0x7fffd708a630_0, C4<>;
S_0x7fffd7085370 .scope module, "ex_mem1" "ex_mem" 4 72, 9 10 0, S_0x7fffd70823a0;
 .timescale -9 -12;
    .port_info 0 /INPUT 2 "ctlwb_out"
    .port_info 1 /INPUT 3 "ctlm_out"
    .port_info 2 /INPUT 32 "adder_out"
    .port_info 3 /INPUT 1 "aluzero"
    .port_info 4 /INPUT 32 "aluout"
    .port_info 5 /INPUT 32 "readdat2"
    .port_info 6 /INPUT 5 "muxout"
    .port_info 7 /OUTPUT 2 "wb_ctlout"
    .port_info 8 /OUTPUT 1 "branch"
    .port_info 9 /OUTPUT 1 "memread"
    .port_info 10 /OUTPUT 1 "memwrite"
    .port_info 11 /OUTPUT 32 "add_result"
    .port_info 12 /OUTPUT 1 "zero"
    .port_info 13 /OUTPUT 32 "alu_result"
    .port_info 14 /OUTPUT 32 "rdata2out"
    .port_info 15 /OUTPUT 5 "five_bit_muxout"
v0x7fffd7085780_0 .var "add_result", 31 0;
v0x7fffd7085880_0 .net "adder_out", 31 0, L_0x7fffd70a6330;  alias, 1 drivers
v0x7fffd7085940_0 .var "alu_result", 31 0;
v0x7fffd70859e0_0 .net "aluout", 31 0, v0x7fffd7083a50_0;  alias, 1 drivers
v0x7fffd7085ad0_0 .net "aluzero", 0 0, L_0x7fffd70a6650;  alias, 1 drivers
v0x7fffd7085bc0_0 .var "branch", 0 0;
v0x7fffd7085c60_0 .net "ctlm_out", 2 0, v0x7fffd7089fa0_0;  alias, 1 drivers
v0x7fffd7085d20_0 .net "ctlwb_out", 1 0, v0x7fffd708a9d0_0;  alias, 1 drivers
v0x7fffd7085e00_0 .var "five_bit_muxout", 4 0;
v0x7fffd7085f70_0 .var "memread", 0 0;
v0x7fffd7086030_0 .var "memwrite", 0 0;
v0x7fffd70860f0_0 .net "muxout", 4 0, L_0x7fffd70a68a0;  alias, 1 drivers
v0x7fffd70861e0_0 .var "rdata2out", 31 0;
v0x7fffd70862a0_0 .net "readdat2", 31 0, v0x7fffd708a3b0_0;  alias, 1 drivers
v0x7fffd7086380_0 .var "wb_ctlout", 1 0;
v0x7fffd7086460_0 .var "zero", 0 0;
E_0x7fffd6fc1580/0 .event edge, v0x7fffd7085d20_0, v0x7fffd7085c60_0, v0x7fffd7082b80_0, v0x7fffd7083bf0_0;
E_0x7fffd6fc1580/1 .event edge, v0x7fffd7083a50_0, v0x7fffd70862a0_0, v0x7fffd70851e0_0;
E_0x7fffd6fc1580 .event/or E_0x7fffd6fc1580/0, E_0x7fffd6fc1580/1;
S_0x7fffd70867b0 .scope module, "mux2" "mux" 4 40, 10 9 0, S_0x7fffd70823a0;
 .timescale -9 -12;
    .port_info 0 /INPUT 32 "s0"
    .port_info 1 /INPUT 32 "s1"
    .port_info 2 /INPUT 1 "select"
    .port_info 3 /OUTPUT 32 "npc"
v0x7fffd7086960_0 .net "npc", 31 0, L_0x7fffd70a63d0;  alias, 1 drivers
v0x7fffd7086a70_0 .net "s0", 31 0, v0x7fffd708a830_0;  alias, 1 drivers
v0x7fffd7086b40_0 .net "s1", 31 0, v0x7fffd708a3b0_0;  alias, 1 drivers
v0x7fffd7086c40_0 .net "select", 0 0, v0x7fffd7089880_0;  alias, 1 drivers
L_0x7fffd70a63d0 .functor MUXZ 32, v0x7fffd708a3b0_0, v0x7fffd708a830_0, v0x7fffd7089880_0, C4<>;
S_0x7fffd7088580 .scope module, "idecode2" "idecode" 3 32, 11 9 0, S_0x7fffd6fd9250;
 .timescale -9 -12;
    .port_info 0 /INPUT 32 "IF_ID_instrout"
    .port_info 1 /INPUT 32 "IF_ID_npcout"
    .port_info 2 /INPUT 5 "MEM_WB_rd"
    .port_info 3 /INPUT 1 "MEM_WB_regwrite"
    .port_info 4 /INPUT 32 "WB_mux_writedata"
    .port_info 5 /OUTPUT 2 "wb_ctlout"
    .port_info 6 /OUTPUT 3 "m_ctlout"
    .port_info 7 /OUTPUT 1 "regdst"
    .port_info 8 /OUTPUT 1 "alusrc"
    .port_info 9 /OUTPUT 2 "aluop"
    .port_info 10 /OUTPUT 32 "npcout"
    .port_info 11 /OUTPUT 32 "rdata1out"
    .port_info 12 /OUTPUT 32 "rdata2out"
    .port_info 13 /OUTPUT 32 "s_extendout"
    .port_info 14 /OUTPUT 5 "instrout_2016"
    .port_info 15 /OUTPUT 5 "instrout_1511"
v0x7fffd708c2a0_0 .net "IF_ID_instrout", 31 0, v0x7fffd708e2a0_0;  alias, 1 drivers
v0x7fffd708c380_0 .net "IF_ID_npcout", 31 0, v0x7fffd708e430_0;  alias, 1 drivers
v0x7fffd708c440_0 .net "MEM_WB_rd", 4 0, v0x7fffd70916a0_0;  alias, 1 drivers
v0x7fffd708c4e0_0 .net "MEM_WB_regwrite", 0 0, v0x7fffd7091a60_0;  alias, 1 drivers
v0x7fffd708c5b0_0 .net "WB_mux_writedata", 31 0, L_0x7fffd70a69b0;  alias, 1 drivers
v0x7fffd708c6a0_0 .net "aluop", 1 0, v0x7fffd7089750_0;  alias, 1 drivers
v0x7fffd708c740_0 .net "alusrc", 0 0, v0x7fffd7089880_0;  alias, 1 drivers
v0x7fffd708c7e0_0 .net "ctlex_out", 3 0, v0x7fffd7088ec0_0;  1 drivers
v0x7fffd708c8d0_0 .net "ctlm_out", 2 0, v0x7fffd7088fc0_0;  1 drivers
v0x7fffd708ca00_0 .net "ctlwb_out", 1 0, v0x7fffd70890a0_0;  1 drivers
v0x7fffd708cb10_0 .net "instrout_1511", 4 0, v0x7fffd7089d40_0;  alias, 1 drivers
v0x7fffd708cbd0_0 .net "instrout_2016", 4 0, v0x7fffd7089e50_0;  alias, 1 drivers
v0x7fffd708cc90_0 .net "m_ctlout", 2 0, v0x7fffd7089fa0_0;  alias, 1 drivers
v0x7fffd708cd50_0 .net "npcout", 31 0, v0x7fffd708a190_0;  alias, 1 drivers
v0x7fffd708ce10_0 .net "rdata1out", 31 0, v0x7fffd708a2a0_0;  alias, 1 drivers
v0x7fffd708ced0_0 .net "rdata2out", 31 0, v0x7fffd708a3b0_0;  alias, 1 drivers
v0x7fffd708d020_0 .net "readdat1", 31 0, v0x7fffd708b0e0_0;  1 drivers
v0x7fffd708d1f0_0 .net "readdat2", 31 0, v0x7fffd708b1c0_0;  1 drivers
v0x7fffd708d300_0 .net "regdst", 0 0, v0x7fffd708a630_0;  alias, 1 drivers
v0x7fffd708d3a0_0 .net "s_extendout", 31 0, v0x7fffd708a830_0;  alias, 1 drivers
v0x7fffd708d460_0 .net "signext_out", 31 0, v0x7fffd708c0a0_0;  1 drivers
v0x7fffd708d520_0 .net "wb_ctlout", 1 0, v0x7fffd708a9d0_0;  alias, 1 drivers
L_0x7fffd70a5dd0 .part v0x7fffd708e2a0_0, 26, 6;
L_0x7fffd70a5f00 .part v0x7fffd708e2a0_0, 21, 5;
L_0x7fffd70a5fa0 .part v0x7fffd708e2a0_0, 16, 5;
L_0x7fffd70a6040 .part v0x7fffd708e2a0_0, 0, 16;
L_0x7fffd70a60e0 .part v0x7fffd708e2a0_0, 16, 5;
L_0x7fffd70a6290 .part v0x7fffd708e2a0_0, 11, 5;
S_0x7fffd7088900 .scope module, "control2" "control" 11 30, 12 9 0, S_0x7fffd7088580;
 .timescale -9 -12;
    .port_info 0 /INPUT 6 "opcode"
    .port_info 1 /OUTPUT 4 "EX"
    .port_info 2 /OUTPUT 3 "M"
    .port_info 3 /OUTPUT 2 "WB"
P_0x7fffd7088ad0 .param/l "BEQ" 0 12 19, C4<000100>;
P_0x7fffd7088b10 .param/l "LW" 0 12 17, C4<100011>;
P_0x7fffd7088b50 .param/l "NOP" 0 12 20, C4<100000>;
P_0x7fffd7088b90 .param/l "RTYPE" 0 12 16, C4<000000>;
P_0x7fffd7088bd0 .param/l "SW" 0 12 18, C4<101011>;
v0x7fffd7088ec0_0 .var "EX", 3 0;
v0x7fffd7088fc0_0 .var "M", 2 0;
v0x7fffd70890a0_0 .var "WB", 1 0;
v0x7fffd7089190_0 .net "opcode", 5 0, L_0x7fffd70a5dd0;  1 drivers
E_0x7fffd7069850 .event edge, v0x7fffd7089190_0;
S_0x7fffd7089320 .scope module, "decode_latch2" "decode_latch" 11 55, 13 9 0, S_0x7fffd7088580;
 .timescale -9 -12;
    .port_info 0 /INPUT 2 "ctlwb_out"
    .port_info 1 /INPUT 3 "ctlm_out"
    .port_info 2 /INPUT 4 "ctlex_out"
    .port_info 3 /INPUT 32 "npc"
    .port_info 4 /INPUT 32 "readdat1"
    .port_info 5 /INPUT 32 "readdat2"
    .port_info 6 /INPUT 32 "signext_out"
    .port_info 7 /INPUT 5 "instr_2016"
    .port_info 8 /INPUT 5 "instr_1511"
    .port_info 9 /OUTPUT 2 "wb_ctlout"
    .port_info 10 /OUTPUT 3 "m_ctlout"
    .port_info 11 /OUTPUT 1 "regdst"
    .port_info 12 /OUTPUT 1 "alusrc"
    .port_info 13 /OUTPUT 2 "aluop"
    .port_info 14 /OUTPUT 32 "npcout"
    .port_info 15 /OUTPUT 32 "rdata1out"
    .port_info 16 /OUTPUT 32 "rdata2out"
    .port_info 17 /OUTPUT 32 "s_extendout"
    .port_info 18 /OUTPUT 5 "instrout_2016"
    .port_info 19 /OUTPUT 5 "instrout_1511"
v0x7fffd7089750_0 .var "aluop", 1 0;
v0x7fffd7089880_0 .var "alusrc", 0 0;
v0x7fffd7089990_0 .net "ctlex_out", 3 0, v0x7fffd7088ec0_0;  alias, 1 drivers
v0x7fffd7089a30_0 .net "ctlm_out", 2 0, v0x7fffd7088fc0_0;  alias, 1 drivers
v0x7fffd7089ad0_0 .net "ctlwb_out", 1 0, v0x7fffd70890a0_0;  alias, 1 drivers
v0x7fffd7089bc0_0 .net "instr_1511", 4 0, L_0x7fffd70a6290;  1 drivers
v0x7fffd7089c60_0 .net "instr_2016", 4 0, L_0x7fffd70a60e0;  1 drivers
v0x7fffd7089d40_0 .var "instrout_1511", 4 0;
v0x7fffd7089e50_0 .var "instrout_2016", 4 0;
v0x7fffd7089fa0_0 .var "m_ctlout", 2 0;
v0x7fffd708a0b0_0 .net "npc", 31 0, v0x7fffd708e430_0;  alias, 1 drivers
v0x7fffd708a190_0 .var "npcout", 31 0;
v0x7fffd708a2a0_0 .var "rdata1out", 31 0;
v0x7fffd708a3b0_0 .var "rdata2out", 31 0;
v0x7fffd708a470_0 .net "readdat1", 31 0, v0x7fffd708b0e0_0;  alias, 1 drivers
v0x7fffd708a550_0 .net "readdat2", 31 0, v0x7fffd708b1c0_0;  alias, 1 drivers
v0x7fffd708a630_0 .var "regdst", 0 0;
v0x7fffd708a830_0 .var "s_extendout", 31 0;
v0x7fffd708a8f0_0 .net "signext_out", 31 0, v0x7fffd708c0a0_0;  alias, 1 drivers
v0x7fffd708a9d0_0 .var "wb_ctlout", 1 0;
E_0x7fffd706a730/0 .event edge, v0x7fffd70890a0_0, v0x7fffd7088fc0_0, v0x7fffd7088ec0_0, v0x7fffd708a0b0_0;
E_0x7fffd706a730/1 .event edge, v0x7fffd708a470_0, v0x7fffd708a550_0, v0x7fffd708a8f0_0, v0x7fffd7089c60_0;
E_0x7fffd706a730/2 .event edge, v0x7fffd7089bc0_0;
E_0x7fffd706a730 .event/or E_0x7fffd706a730/0, E_0x7fffd706a730/1, E_0x7fffd706a730/2;
S_0x7fffd708ad60 .scope module, "register2" "register" 11 38, 14 10 0, S_0x7fffd7088580;
 .timescale -9 -12;
    .port_info 0 /INPUT 5 "rs"
    .port_info 1 /INPUT 5 "rt"
    .port_info 2 /INPUT 5 "rd"
    .port_info 3 /INPUT 32 "writedata"
    .port_info 4 /INPUT 1 "regwrite"
    .port_info 5 /OUTPUT 32 "A"
    .port_info 6 /OUTPUT 32 "B"
v0x7fffd708b0e0_0 .var "A", 31 0;
v0x7fffd708b1c0_0 .var "B", 31 0;
v0x7fffd708b260 .array "REG", 31 0, 31 0;
v0x7fffd708b7f0_0 .var/i "i", 31 0;
v0x7fffd708b8d0_0 .net "rd", 4 0, v0x7fffd70916a0_0;  alias, 1 drivers
v0x7fffd708ba00_0 .net "regwrite", 0 0, v0x7fffd7091a60_0;  alias, 1 drivers
v0x7fffd708bac0_0 .net "rs", 4 0, L_0x7fffd70a5f00;  1 drivers
v0x7fffd708bba0_0 .net "rt", 4 0, L_0x7fffd70a5fa0;  1 drivers
v0x7fffd708bc80_0 .net "writedata", 31 0, L_0x7fffd70a69b0;  alias, 1 drivers
v0x7fffd708b260_0 .array/port v0x7fffd708b260, 0;
v0x7fffd708b260_1 .array/port v0x7fffd708b260, 1;
v0x7fffd708b260_2 .array/port v0x7fffd708b260, 2;
E_0x7fffd708af70/0 .event edge, v0x7fffd708bac0_0, v0x7fffd708b260_0, v0x7fffd708b260_1, v0x7fffd708b260_2;
v0x7fffd708b260_3 .array/port v0x7fffd708b260, 3;
v0x7fffd708b260_4 .array/port v0x7fffd708b260, 4;
v0x7fffd708b260_5 .array/port v0x7fffd708b260, 5;
v0x7fffd708b260_6 .array/port v0x7fffd708b260, 6;
E_0x7fffd708af70/1 .event edge, v0x7fffd708b260_3, v0x7fffd708b260_4, v0x7fffd708b260_5, v0x7fffd708b260_6;
v0x7fffd708b260_7 .array/port v0x7fffd708b260, 7;
v0x7fffd708b260_8 .array/port v0x7fffd708b260, 8;
v0x7fffd708b260_9 .array/port v0x7fffd708b260, 9;
v0x7fffd708b260_10 .array/port v0x7fffd708b260, 10;
E_0x7fffd708af70/2 .event edge, v0x7fffd708b260_7, v0x7fffd708b260_8, v0x7fffd708b260_9, v0x7fffd708b260_10;
v0x7fffd708b260_11 .array/port v0x7fffd708b260, 11;
v0x7fffd708b260_12 .array/port v0x7fffd708b260, 12;
v0x7fffd708b260_13 .array/port v0x7fffd708b260, 13;
v0x7fffd708b260_14 .array/port v0x7fffd708b260, 14;
E_0x7fffd708af70/3 .event edge, v0x7fffd708b260_11, v0x7fffd708b260_12, v0x7fffd708b260_13, v0x7fffd708b260_14;
v0x7fffd708b260_15 .array/port v0x7fffd708b260, 15;
v0x7fffd708b260_16 .array/port v0x7fffd708b260, 16;
v0x7fffd708b260_17 .array/port v0x7fffd708b260, 17;
v0x7fffd708b260_18 .array/port v0x7fffd708b260, 18;
E_0x7fffd708af70/4 .event edge, v0x7fffd708b260_15, v0x7fffd708b260_16, v0x7fffd708b260_17, v0x7fffd708b260_18;
v0x7fffd708b260_19 .array/port v0x7fffd708b260, 19;
v0x7fffd708b260_20 .array/port v0x7fffd708b260, 20;
v0x7fffd708b260_21 .array/port v0x7fffd708b260, 21;
v0x7fffd708b260_22 .array/port v0x7fffd708b260, 22;
E_0x7fffd708af70/5 .event edge, v0x7fffd708b260_19, v0x7fffd708b260_20, v0x7fffd708b260_21, v0x7fffd708b260_22;
v0x7fffd708b260_23 .array/port v0x7fffd708b260, 23;
v0x7fffd708b260_24 .array/port v0x7fffd708b260, 24;
v0x7fffd708b260_25 .array/port v0x7fffd708b260, 25;
v0x7fffd708b260_26 .array/port v0x7fffd708b260, 26;
E_0x7fffd708af70/6 .event edge, v0x7fffd708b260_23, v0x7fffd708b260_24, v0x7fffd708b260_25, v0x7fffd708b260_26;
v0x7fffd708b260_27 .array/port v0x7fffd708b260, 27;
v0x7fffd708b260_28 .array/port v0x7fffd708b260, 28;
v0x7fffd708b260_29 .array/port v0x7fffd708b260, 29;
v0x7fffd708b260_30 .array/port v0x7fffd708b260, 30;
E_0x7fffd708af70/7 .event edge, v0x7fffd708b260_27, v0x7fffd708b260_28, v0x7fffd708b260_29, v0x7fffd708b260_30;
v0x7fffd708b260_31 .array/port v0x7fffd708b260, 31;
E_0x7fffd708af70/8 .event edge, v0x7fffd708b260_31, v0x7fffd708bba0_0, v0x7fffd708b8d0_0, v0x7fffd708ba00_0;
E_0x7fffd708af70/9 .event edge, v0x7fffd708bc80_0;
E_0x7fffd708af70 .event/or E_0x7fffd708af70/0, E_0x7fffd708af70/1, E_0x7fffd708af70/2, E_0x7fffd708af70/3, E_0x7fffd708af70/4, E_0x7fffd708af70/5, E_0x7fffd708af70/6, E_0x7fffd708af70/7, E_0x7fffd708af70/8, E_0x7fffd708af70/9;
S_0x7fffd708be80 .scope module, "s_extend2" "s_extend" 11 49, 15 9 0, S_0x7fffd7088580;
 .timescale -9 -12;
    .port_info 0 /INPUT 16 "nextend"
    .port_info 1 /OUTPUT 32 "extend"
v0x7fffd708c0a0_0 .var "extend", 31 0;
v0x7fffd708c180_0 .net "nextend", 15 0, L_0x7fffd70a6040;  1 drivers
E_0x7fffd708c020 .event edge, v0x7fffd708c180_0;
S_0x7fffd708d870 .scope module, "ifetch1" "ifetch" 3 16, 16 9 0, S_0x7fffd6fd9250;
 .timescale -9 -12;
    .port_info 0 /OUTPUT 32 "IF_ID_instr"
    .port_info 1 /OUTPUT 32 "IF_ID_npc"
    .port_info 2 /INPUT 1 "EX_MEM_PCSrc"
    .port_info 3 /INPUT 32 "EX_MEM_NPC"
v0x7fffd708f650_0 .net "EX_MEM_NPC", 31 0, v0x7fffd7085780_0;  alias, 1 drivers
v0x7fffd708f710_0 .net "EX_MEM_PCSrc", 0 0, L_0x7fffd70a6940;  alias, 1 drivers
v0x7fffd708f7d0_0 .net "IF_ID_instr", 31 0, v0x7fffd708e2a0_0;  alias, 1 drivers
v0x7fffd708f8c0_0 .net "IF_ID_npc", 31 0, v0x7fffd708e430_0;  alias, 1 drivers
v0x7fffd708f960_0 .net "PC", 31 0, v0x7fffd708f420_0;  1 drivers
v0x7fffd708fa50_0 .net "dataout", 31 0, v0x7fffd708e9e0_0;  1 drivers
v0x7fffd708fb60_0 .net "npc", 31 0, L_0x7fffd70a5c30;  1 drivers
v0x7fffd708fc20_0 .net "npc_mux", 31 0, L_0x7fffd7095ab0;  1 drivers
S_0x7fffd708da40 .scope module, "add1" "add" 16 36, 17 9 0, S_0x7fffd708d870;
 .timescale -9 -12;
    .port_info 0 /INPUT 32 "pc_in"
    .port_info 1 /OUTPUT 32 "pc_out"
L_0x7f9abb1d0018 .functor BUFT 1, C4<00000000000000000000000000000001>, C4<0>, C4<0>, C4<0>;
v0x7fffd708dc70_0 .net/2u *"_s0", 31 0, L_0x7f9abb1d0018;  1 drivers
v0x7fffd708dd70_0 .net "pc_in", 31 0, v0x7fffd708f420_0;  alias, 1 drivers
v0x7fffd708de50_0 .net "pc_out", 31 0, L_0x7fffd70a5c30;  alias, 1 drivers
L_0x7fffd70a5c30 .arith/sum 32, v0x7fffd708f420_0, L_0x7f9abb1d0018;
S_0x7fffd708df70 .scope module, "fetch_latch1" "fetch_latch" 16 31, 18 9 0, S_0x7fffd708d870;
 .timescale -9 -12;
    .port_info 0 /OUTPUT 32 "instrout"
    .port_info 1 /OUTPUT 32 "npcout"
    .port_info 2 /INPUT 32 "instr"
    .port_info 3 /INPUT 32 "npc"
v0x7fffd708e1a0_0 .net "instr", 31 0, v0x7fffd708e9e0_0;  alias, 1 drivers
v0x7fffd708e2a0_0 .var "instrout", 31 0;
v0x7fffd708e360_0 .net "npc", 31 0, L_0x7fffd70a5c30;  alias, 1 drivers
v0x7fffd708e430_0 .var "npcout", 31 0;
E_0x7fffd708e140 .event edge, v0x7fffd708e1a0_0, v0x7fffd708de50_0;
S_0x7fffd708e580 .scope module, "mem1" "mem" 16 28, 19 9 0, S_0x7fffd708d870;
 .timescale -9 -12;
    .port_info 0 /OUTPUT 32 "data"
    .port_info 1 /INPUT 32 "addr"
v0x7fffd708e810 .array "MEM", 127 0, 31 0;
v0x7fffd708e8f0_0 .net "addr", 31 0, v0x7fffd708f420_0;  alias, 1 drivers
v0x7fffd708e9e0_0 .var "data", 31 0;
E_0x7fffd708e790 .event edge, v0x7fffd708dd70_0;
S_0x7fffd708eb00 .scope module, "mux1" "mux" 16 20, 10 9 0, S_0x7fffd708d870;
 .timescale -9 -12;
    .port_info 0 /INPUT 32 "s0"
    .port_info 1 /INPUT 32 "s1"
    .port_info 2 /INPUT 1 "select"
    .port_info 3 /OUTPUT 32 "npc"
v0x7fffd708ed00_0 .net "npc", 31 0, L_0x7fffd7095ab0;  alias, 1 drivers
v0x7fffd708ede0_0 .net "s0", 31 0, v0x7fffd7085780_0;  alias, 1 drivers
v0x7fffd708eef0_0 .net "s1", 31 0, L_0x7fffd70a5c30;  alias, 1 drivers
v0x7fffd708efe0_0 .net "select", 0 0, L_0x7fffd70a6940;  alias, 1 drivers
L_0x7fffd7095ab0 .functor MUXZ 32, L_0x7fffd70a5c30, v0x7fffd7085780_0, L_0x7fffd70a6940, C4<>;
S_0x7fffd708f120 .scope module, "pc_mod1" "pc_mod" 16 25, 20 9 0, S_0x7fffd708d870;
 .timescale -9 -12;
    .port_info 0 /OUTPUT 32 "PC"
    .port_info 1 /INPUT 32 "npc"
v0x7fffd708f420_0 .var "PC", 31 0;
v0x7fffd708f550_0 .net "npc", 31 0, L_0x7fffd7095ab0;  alias, 1 drivers
E_0x7fffd708f3a0 .event edge, v0x7fffd708ed00_0;
S_0x7fffd708fdb0 .scope module, "memory4" "memory" 3 81, 21 9 0, S_0x7fffd6fd9250;
 .timescale -9 -12;
    .port_info 0 /INPUT 2 "wb_ctlout"
    .port_info 1 /INPUT 1 "branch"
    .port_info 2 /INPUT 1 "memread"
    .port_info 3 /INPUT 1 "memwrite"
    .port_info 4 /INPUT 1 "zero"
    .port_info 5 /INPUT 32 "alu_result"
    .port_info 6 /INPUT 32 "rdata2out"
    .port_info 7 /INPUT 5 "five_bit_muxout"
    .port_info 8 /OUTPUT 1 "MEM_PCSrc"
    .port_info 9 /OUTPUT 1 "MEM_WB_regwrite"
    .port_info 10 /OUTPUT 1 "MEM_WB_memtoreg"
    .port_info 11 /OUTPUT 32 "read_data"
    .port_info 12 /OUTPUT 32 "mem_alu_result"
    .port_info 13 /OUTPUT 5 "mem_write_reg"
v0x7fffd7091d60_0 .net "MEM_PCSrc", 0 0, L_0x7fffd70a6940;  alias, 1 drivers
v0x7fffd7091e20_0 .net "MEM_WB_memtoreg", 0 0, v0x7fffd70917b0_0;  alias, 1 drivers
v0x7fffd7091ee0_0 .net "MEM_WB_regwrite", 0 0, v0x7fffd7091a60_0;  alias, 1 drivers
v0x7fffd7091f80_0 .net "alu_result", 31 0, v0x7fffd7085940_0;  alias, 1 drivers
v0x7fffd70920b0_0 .net "branch", 0 0, v0x7fffd7085bc0_0;  alias, 1 drivers
v0x7fffd7092150_0 .net "five_bit_muxout", 4 0, v0x7fffd7085e00_0;  alias, 1 drivers
v0x7fffd70921f0_0 .net "mem_alu_result", 31 0, v0x7fffd70915e0_0;  alias, 1 drivers
v0x7fffd7092290_0 .net "mem_write_reg", 4 0, v0x7fffd70916a0_0;  alias, 1 drivers
v0x7fffd7092330_0 .net "memread", 0 0, v0x7fffd7085f70_0;  alias, 1 drivers
v0x7fffd7092460_0 .net "memwrite", 0 0, v0x7fffd7086030_0;  alias, 1 drivers
v0x7fffd7092500_0 .net "rdata2out", 31 0, v0x7fffd70861e0_0;  alias, 1 drivers
v0x7fffd70925c0_0 .net "read_data", 31 0, v0x7fffd70918c0_0;  alias, 1 drivers
v0x7fffd7092680_0 .net "read_data_in", 31 0, v0x7fffd7090e20_0;  1 drivers
v0x7fffd7092720_0 .net "wb_ctlout", 1 0, v0x7fffd7086380_0;  alias, 1 drivers
v0x7fffd70927e0_0 .net "zero", 0 0, v0x7fffd7086460_0;  alias, 1 drivers
S_0x7fffd70900e0 .scope module, "AND_4" "AND" 21 27, 22 10 0, S_0x7fffd708fdb0;
 .timescale -9 -12;
    .port_info 0 /INPUT 1 "membranch"
    .port_info 1 /INPUT 1 "zero"
    .port_info 2 /OUTPUT 1 "PCSrc"
L_0x7fffd70a6940 .functor AND 1, v0x7fffd7085bc0_0, v0x7fffd7086460_0, C4<1>, C4<1>;
v0x7fffd7090340_0 .net "PCSrc", 0 0, L_0x7fffd70a6940;  alias, 1 drivers
v0x7fffd7090450_0 .net "membranch", 0 0, v0x7fffd7085bc0_0;  alias, 1 drivers
v0x7fffd7090560_0 .net "zero", 0 0, v0x7fffd7086460_0;  alias, 1 drivers
S_0x7fffd7090690 .scope module, "data_memory4" "data_memory" 21 32, 23 10 0, S_0x7fffd708fdb0;
 .timescale -9 -12;
    .port_info 0 /INPUT 32 "addr"
    .port_info 1 /INPUT 32 "write_data"
    .port_info 2 /INPUT 1 "memwrite"
    .port_info 3 /INPUT 1 "memread"
    .port_info 4 /OUTPUT 32 "read_data"
v0x7fffd7090940 .array "DMEM", 255 0, 31 0;
v0x7fffd7090a20_0 .net "addr", 31 0, v0x7fffd7085940_0;  alias, 1 drivers
v0x7fffd7090b30_0 .var/i "i", 31 0;
v0x7fffd7090bf0_0 .net "memread", 0 0, v0x7fffd7085f70_0;  alias, 1 drivers
v0x7fffd7090ce0_0 .net "memwrite", 0 0, v0x7fffd7086030_0;  alias, 1 drivers
v0x7fffd7090e20_0 .var "read_data", 31 0;
v0x7fffd7090f00_0 .net "write_data", 31 0, v0x7fffd70861e0_0;  alias, 1 drivers
E_0x7fffd70908e0 .event edge, v0x7fffd7085940_0;
S_0x7fffd70910b0 .scope module, "mem_wb4" "mem_wb" 21 39, 24 10 0, S_0x7fffd708fdb0;
 .timescale -9 -12;
    .port_info 0 /INPUT 2 "control_wb_in"
    .port_info 1 /INPUT 32 "read_data_in"
    .port_info 2 /INPUT 32 "alu_result_in"
    .port_info 3 /INPUT 5 "write_reg_in"
    .port_info 4 /OUTPUT 1 "regwrite"
    .port_info 5 /OUTPUT 1 "memtoreg"
    .port_info 6 /OUTPUT 32 "read_data"
    .port_info 7 /OUTPUT 32 "mem_alu_result"
    .port_info 8 /OUTPUT 5 "mem_write_reg"
v0x7fffd70913f0_0 .net "alu_result_in", 31 0, v0x7fffd7085940_0;  alias, 1 drivers
v0x7fffd70914d0_0 .net "control_wb_in", 1 0, v0x7fffd7086380_0;  alias, 1 drivers
v0x7fffd70915e0_0 .var "mem_alu_result", 31 0;
v0x7fffd70916a0_0 .var "mem_write_reg", 4 0;
v0x7fffd70917b0_0 .var "memtoreg", 0 0;
v0x7fffd70918c0_0 .var "read_data", 31 0;
v0x7fffd70919a0_0 .net "read_data_in", 31 0, v0x7fffd7090e20_0;  alias, 1 drivers
v0x7fffd7091a60_0 .var "regwrite", 0 0;
v0x7fffd7091b50_0 .net "write_reg_in", 4 0, v0x7fffd7085e00_0;  alias, 1 drivers
E_0x7fffd70913b0 .event edge, v0x7fffd7086380_0, v0x7fffd7090e20_0, v0x7fffd7085940_0, v0x7fffd7085e00_0;
S_0x7fffd7092ac0 .scope module, "writeback5" "writeback" 3 98, 25 9 0, S_0x7fffd6fd9250;
 .timescale -9 -12;
    .port_info 0 /INPUT 1 "MEM_WB_memtoreg"
    .port_info 1 /INPUT 32 "read_data"
    .port_info 2 /INPUT 32 "mem_alu_result"
    .port_info 3 /OUTPUT 32 "WB_mux_writedata"
v0x7fffd7093390_0 .net "MEM_WB_memtoreg", 0 0, v0x7fffd70917b0_0;  alias, 1 drivers
v0x7fffd7093450_0 .net "WB_mux_writedata", 31 0, L_0x7fffd70a69b0;  alias, 1 drivers
v0x7fffd7093510_0 .net "mem_alu_result", 31 0, v0x7fffd70915e0_0;  alias, 1 drivers
v0x7fffd70935b0_0 .net "read_data", 31 0, v0x7fffd70918c0_0;  alias, 1 drivers
S_0x7fffd7092c90 .scope module, "mux3" "mux" 25 16, 10 9 0, S_0x7fffd7092ac0;
 .timescale -9 -12;
    .port_info 0 /INPUT 32 "s0"
    .port_info 1 /INPUT 32 "s1"
    .port_info 2 /INPUT 1 "select"
    .port_info 3 /OUTPUT 32 "npc"
v0x7fffd7092ef0_0 .net "npc", 31 0, L_0x7fffd70a69b0;  alias, 1 drivers
v0x7fffd7093020_0 .net "s0", 31 0, v0x7fffd70918c0_0;  alias, 1 drivers
v0x7fffd7093130_0 .net "s1", 31 0, v0x7fffd70915e0_0;  alias, 1 drivers
v0x7fffd7093220_0 .net "select", 0 0, v0x7fffd70917b0_0;  alias, 1 drivers
L_0x7fffd70a69b0 .functor MUXZ 32, v0x7fffd70915e0_0, v0x7fffd70918c0_0, v0x7fffd70917b0_0, C4<>;
    .scope S_0x7fffd704eb80;
T_0 ;
    %pushi/vec4 0, 0, 2;
    %assign/vec4 v0x7fffd7082040_0, 0;
    %pushi/vec4 0, 0, 3;
    %assign/vec4 v0x7fffd70817a0_0, 0;
    %pushi/vec4 0, 0, 1;
    %assign/vec4 v0x7fffd7081dc0_0, 0;
    %pushi/vec4 0, 0, 2;
    %assign/vec4 v0x7fffd7064620_0, 0;
    %pushi/vec4 0, 0, 1;
    %assign/vec4 v0x7fffd70810e0_0, 0;
    %pushi/vec4 0, 0, 32;
    %assign/vec4 v0x7fffd7081960_0, 0;
    %pushi/vec4 0, 0, 32;
    %assign/vec4 v0x7fffd7081a40_0, 0;
    %pushi/vec4 0, 0, 32;
    %assign/vec4 v0x7fffd7081b20_0, 0;
    %pushi/vec4 0, 0, 32;
    %assign/vec4 v0x7fffd7081e80_0, 0;
    %pushi/vec4 0, 0, 5;
    %assign/vec4 v0x7fffd70816c0_0, 0;
    %pushi/vec4 0, 0, 5;
    %assign/vec4 v0x7fffd70815e0_0, 0;
    %end;
    .thread T_0;
    .scope S_0x7fffd704eb80;
T_1 ;
    %wait E_0x7fffd6fc2740;
    %delay 1000, 0;
    %load/vec4 v0x7fffd7081340_0;
    %assign/vec4 v0x7fffd7082040_0, 0;
    %load/vec4 v0x7fffd7081260_0;
    %assign/vec4 v0x7fffd70817a0_0, 0;
    %load/vec4 v0x7fffd70811a0_0;
    %parti/s 1, 3, 3;
    %assign/vec4 v0x7fffd7081dc0_0, 0;
    %load/vec4 v0x7fffd70811a0_0;
    %parti/s 2, 1, 2;
    %assign/vec4 v0x7fffd7064620_0, 0;
    %load/vec4 v0x7fffd70811a0_0;
    %parti/s 1, 0, 2;
    %assign/vec4 v0x7fffd70810e0_0, 0;
    %load/vec4 v0x7fffd7081880_0;
    %assign/vec4 v0x7fffd7081960_0, 0;
    %load/vec4 v0x7fffd7081c00_0;
    %assign/vec4 v0x7fffd7081a40_0, 0;
    %load/vec4 v0x7fffd7081ce0_0;
    %assign/vec4 v0x7fffd7081b20_0, 0;
    %load/vec4 v0x7fffd7081f60_0;
    %assign/vec4 v0x7fffd7081e80_0, 0;
    %load/vec4 v0x7fffd7081500_0;
    %assign/vec4 v0x7fffd70816c0_0, 0;
    %load/vec4 v0x7fffd7081420_0;
    %assign/vec4 v0x7fffd70815e0_0, 0;
    %jmp T_1;
    .thread T_1, $push;
    .scope S_0x7fffd708f120;
T_2 ;
    %pushi/vec4 0, 0, 32;
    %assign/vec4 v0x7fffd708f420_0, 0;
    %end;
    .thread T_2;
    .scope S_0x7fffd708f120;
T_3 ;
    %wait E_0x7fffd708f3a0;
    %delay 1000, 0;
    %load/vec4 v0x7fffd708f550_0;
    %assign/vec4 v0x7fffd708f420_0, 0;
    %jmp T_3;
    .thread T_3, $push;
    .scope S_0x7fffd708e580;
T_4 ;
    %pushi/vec4 2348875777, 0, 32;
    %ix/load 3, 0, 0;
    %flag_set/imm 4, 0;
    %ix/load 4, 0, 0; Constant delay
    %assign/vec4/a/d v0x7fffd708e810, 0, 4;
    %pushi/vec4 2348875778, 0, 32;
    %ix/load 3, 1, 0;
    %flag_set/imm 4, 0;
    %ix/load 4, 0, 0; Constant delay
    %assign/vec4/a/d v0x7fffd708e810, 0, 4;
    %pushi/vec4 2348875779, 0, 32;
    %ix/load 3, 2, 0;
    %flag_set/imm 4, 0;
    %ix/load 4, 0, 0; Constant delay
    %assign/vec4/a/d v0x7fffd708e810, 0, 4;
    %pushi/vec4 2147483648, 0, 32;
    %ix/load 3, 3, 0;
    %flag_set/imm 4, 0;
    %ix/load 4, 0, 0; Constant delay
    %assign/vec4/a/d v0x7fffd708e810, 0, 4;
    %pushi/vec4 2147483648, 0, 32;
    %ix/load 3, 4, 0;
    %flag_set/imm 4, 0;
    %ix/load 4, 0, 0; Constant delay
    %assign/vec4/a/d v0x7fffd708e810, 0, 4;
    %pushi/vec4 2230304, 0, 32;
    %ix/load 3, 5, 0;
    %flag_set/imm 4, 0;
    %ix/load 4, 0, 0; Constant delay
    %assign/vec4/a/d v0x7fffd708e810, 0, 4;
    %pushi/vec4 2147483648, 0, 32;
    %ix/load 3, 6, 0;
    %flag_set/imm 4, 0;
    %ix/load 4, 0, 0; Constant delay
    %assign/vec4/a/d v0x7fffd708e810, 0, 4;
    %pushi/vec4 2147483648, 0, 32;
    %ix/load 3, 7, 0;
    %flag_set/imm 4, 0;
    %ix/load 4, 0, 0; Constant delay
    %assign/vec4/a/d v0x7fffd708e810, 0, 4;
    %pushi/vec4 2147483648, 0, 32;
    %ix/load 3, 8, 0;
    %flag_set/imm 4, 0;
    %ix/load 4, 0, 0; Constant delay
    %assign/vec4/a/d v0x7fffd708e810, 0, 4;
    %pushi/vec4 2295840, 0, 32;
    %ix/load 3, 9, 0;
    %flag_set/imm 4, 0;
    %ix/load 4, 0, 0; Constant delay
    %assign/vec4/a/d v0x7fffd708e810, 0, 4;
    %pushi/vec4 2147483648, 0, 32;
    %ix/load 3, 10, 0;
    %flag_set/imm 4, 0;
    %ix/load 4, 0, 0; Constant delay
    %assign/vec4/a/d v0x7fffd708e810, 0, 4;
    %pushi/vec4 2147483648, 0, 32;
    %ix/load 3, 11, 0;
    %flag_set/imm 4, 0;
    %ix/load 4, 0, 0; Constant delay
    %assign/vec4/a/d v0x7fffd708e810, 0, 4;
    %pushi/vec4 2147483648, 0, 32;
    %ix/load 3, 12, 0;
    %flag_set/imm 4, 0;
    %ix/load 4, 0, 0; Constant delay
    %assign/vec4/a/d v0x7fffd708e810, 0, 4;
    %pushi/vec4 2164768, 0, 32;
    %ix/load 3, 13, 0;
    %flag_set/imm 4, 0;
    %ix/load 4, 0, 0; Constant delay
    %assign/vec4/a/d v0x7fffd708e810, 0, 4;
    %pushi/vec4 2147483648, 0, 32;
    %ix/load 3, 14, 0;
    %flag_set/imm 4, 0;
    %ix/load 4, 0, 0; Constant delay
    %assign/vec4/a/d v0x7fffd708e810, 0, 4;
    %pushi/vec4 2147483648, 0, 32;
    %ix/load 3, 15, 0;
    %flag_set/imm 4, 0;
    %ix/load 4, 0, 0; Constant delay
    %assign/vec4/a/d v0x7fffd708e810, 0, 4;
    %pushi/vec4 2147483648, 0, 32;
    %ix/load 3, 16, 0;
    %flag_set/imm 4, 0;
    %ix/load 4, 0, 0; Constant delay
    %assign/vec4/a/d v0x7fffd708e810, 0, 4;
    %pushi/vec4 2147483648, 0, 32;
    %ix/load 3, 17, 0;
    %flag_set/imm 4, 0;
    %ix/load 4, 0, 0; Constant delay
    %assign/vec4/a/d v0x7fffd708e810, 0, 4;
    %pushi/vec4 2099232, 0, 32;
    %ix/load 3, 18, 0;
    %flag_set/imm 4, 0;
    %ix/load 4, 0, 0; Constant delay
    %assign/vec4/a/d v0x7fffd708e810, 0, 4;
    %pushi/vec4 2147483648, 0, 32;
    %ix/load 3, 19, 0;
    %flag_set/imm 4, 0;
    %ix/load 4, 0, 0; Constant delay
    %assign/vec4/a/d v0x7fffd708e810, 0, 4;
    %pushi/vec4 2147483648, 0, 32;
    %ix/load 3, 20, 0;
    %flag_set/imm 4, 0;
    %ix/load 4, 0, 0; Constant delay
    %assign/vec4/a/d v0x7fffd708e810, 0, 4;
    %pushi/vec4 2147483648, 0, 32;
    %ix/load 3, 21, 0;
    %flag_set/imm 4, 0;
    %ix/load 4, 0, 0; Constant delay
    %assign/vec4/a/d v0x7fffd708e810, 0, 4;
    %pushi/vec4 2147483648, 0, 32;
    %ix/load 3, 22, 0;
    %flag_set/imm 4, 0;
    %ix/load 4, 0, 0; Constant delay
    %assign/vec4/a/d v0x7fffd708e810, 0, 4;
    %pushi/vec4 2147483648, 0, 32;
    %ix/load 3, 23, 0;
    %flag_set/imm 4, 0;
    %ix/load 4, 0, 0; Constant delay
    %assign/vec4/a/d v0x7fffd708e810, 0, 4;
    %end;
    .thread T_4;
    .scope S_0x7fffd708e580;
T_5 ;
    %wait E_0x7fffd708e790;
    %ix/getv 4, v0x7fffd708e8f0_0;
    %load/vec4a v0x7fffd708e810, 4;
    %assign/vec4 v0x7fffd708e9e0_0, 0;
    %jmp T_5;
    .thread T_5, $push;
    .scope S_0x7fffd708df70;
T_6 ;
    %pushi/vec4 0, 0, 32;
    %assign/vec4 v0x7fffd708e2a0_0, 0;
    %pushi/vec4 0, 0, 32;
    %assign/vec4 v0x7fffd708e430_0, 0;
    %end;
    .thread T_6;
    .scope S_0x7fffd708df70;
T_7 ;
    %wait E_0x7fffd708e140;
    %delay 1000, 0;
    %load/vec4 v0x7fffd708e1a0_0;
    %assign/vec4 v0x7fffd708e2a0_0, 0;
    %load/vec4 v0x7fffd708e360_0;
    %assign/vec4 v0x7fffd708e430_0, 0;
    %jmp T_7;
    .thread T_7, $push;
    .scope S_0x7fffd708d870;
T_8 ;
    %vpi_call 16 40 "$display", "Time\011 PC\011 npc\011 dataout of MEM\011 IF_ID_instr\011 IF_ID_npc" {0 0 0};
    %vpi_call 16 41 "$monitor", "%0d\011 %0d\011 %0d\011 %h\011 %h\011 %0d", $time, v0x7fffd708f960_0, v0x7fffd708fb60_0, v0x7fffd708fa50_0, v0x7fffd708f7d0_0, v0x7fffd708f8c0_0 {0 0 0};
    %delay 20000, 0;
    %vpi_call 16 42 "$finish" {0 0 0};
    %end;
    .thread T_8;
    .scope S_0x7fffd7088900;
T_9 ;
    %pushi/vec4 0, 0, 4;
    %assign/vec4 v0x7fffd7088ec0_0, 0;
    %pushi/vec4 0, 0, 3;
    %assign/vec4 v0x7fffd7088fc0_0, 0;
    %pushi/vec4 0, 0, 2;
    %assign/vec4 v0x7fffd70890a0_0, 0;
    %end;
    .thread T_9;
    .scope S_0x7fffd7088900;
T_10 ;
    %wait E_0x7fffd7069850;
    %load/vec4 v0x7fffd7089190_0;
    %dup/vec4;
    %pushi/vec4 0, 0, 6;
    %cmp/u;
    %jmp/1 T_10.0, 6;
    %dup/vec4;
    %pushi/vec4 35, 0, 6;
    %cmp/u;
    %jmp/1 T_10.1, 6;
    %dup/vec4;
    %pushi/vec4 43, 0, 6;
    %cmp/u;
    %jmp/1 T_10.2, 6;
    %dup/vec4;
    %pushi/vec4 4, 0, 6;
    %cmp/u;
    %jmp/1 T_10.3, 6;
    %dup/vec4;
    %pushi/vec4 32, 0, 6;
    %cmp/u;
    %jmp/1 T_10.4, 6;
    %vpi_call 12 74 "$display", "Opcode not recognized." {0 0 0};
    %jmp T_10.6;
T_10.0 ;
    %pushi/vec4 12, 0, 4;
    %assign/vec4 v0x7fffd7088ec0_0, 0;
    %pushi/vec4 0, 0, 3;
    %assign/vec4 v0x7fffd7088fc0_0, 0;
    %pushi/vec4 2, 0, 2;
    %assign/vec4 v0x7fffd70890a0_0, 0;
    %jmp T_10.6;
T_10.1 ;
    %pushi/vec4 1, 0, 4;
    %assign/vec4 v0x7fffd7088ec0_0, 0;
    %pushi/vec4 2, 0, 3;
    %assign/vec4 v0x7fffd7088fc0_0, 0;
    %pushi/vec4 3, 0, 2;
    %assign/vec4 v0x7fffd70890a0_0, 0;
    %jmp T_10.6;
T_10.2 ;
    %pushi/vec4 1, 8, 4;
    %assign/vec4 v0x7fffd7088ec0_0, 0;
    %pushi/vec4 1, 0, 3;
    %assign/vec4 v0x7fffd7088fc0_0, 0;
    %pushi/vec4 0, 1, 2;
    %assign/vec4 v0x7fffd70890a0_0, 0;
    %jmp T_10.6;
T_10.3 ;
    %pushi/vec4 2, 8, 4;
    %assign/vec4 v0x7fffd7088ec0_0, 0;
    %pushi/vec4 4, 0, 3;
    %assign/vec4 v0x7fffd7088fc0_0, 0;
    %pushi/vec4 0, 1, 2;
    %assign/vec4 v0x7fffd70890a0_0, 0;
    %jmp T_10.6;
T_10.4 ;
    %pushi/vec4 8, 0, 4;
    %assign/vec4 v0x7fffd7088ec0_0, 0;
    %pushi/vec4 0, 0, 3;
    %assign/vec4 v0x7fffd7088fc0_0, 0;
    %pushi/vec4 0, 0, 2;
    %assign/vec4 v0x7fffd70890a0_0, 0;
    %jmp T_10.6;
T_10.6 ;
    %pop/vec4 1;
    %jmp T_10;
    .thread T_10, $push;
    .scope S_0x7fffd708ad60;
T_11 ;
    %pushi/vec4 0, 0, 32;
    %assign/vec4 v0x7fffd708b0e0_0, 0;
    %pushi/vec4 0, 0, 32;
    %assign/vec4 v0x7fffd708b1c0_0, 0;
    %pushi/vec4 0, 0, 32;
    %store/vec4 v0x7fffd708b7f0_0, 0, 32;
T_11.0 ;
    %load/vec4 v0x7fffd708b7f0_0;
    %cmpi/s 32, 0, 32;
    %jmp/0xz T_11.1, 5;
    %pushi/vec4 0, 0, 32;
    %ix/getv/s 3, v0x7fffd708b7f0_0;
    %ix/load 4, 0, 0; Constant delay
    %assign/vec4/a/d v0x7fffd708b260, 0, 4;
    %load/vec4 v0x7fffd708b7f0_0;
    %addi 1, 0, 32;
    %store/vec4 v0x7fffd708b7f0_0, 0, 32;
    %jmp T_11.0;
T_11.1 ;
    %vpi_call 14 36 "$display", "From Register Memory:" {0 0 0};
    %pushi/vec4 0, 0, 32;
    %store/vec4 v0x7fffd708b7f0_0, 0, 32;
T_11.2 ;
    %load/vec4 v0x7fffd708b7f0_0;
    %cmpi/s 9, 0, 32;
    %jmp/0xz T_11.3, 5;
    %vpi_call 14 38 "$display", "\011REG[%0d] = %0d", v0x7fffd708b7f0_0, &A<v0x7fffd708b260, v0x7fffd708b7f0_0 > {0 0 0};
    %load/vec4 v0x7fffd708b7f0_0;
    %addi 1, 0, 32;
    %store/vec4 v0x7fffd708b7f0_0, 0, 32;
    %jmp T_11.2;
T_11.3 ;
    %vpi_call 14 41 "$display", "\011..." {0 0 0};
    %vpi_call 14 42 "$display", "\011REG[%0d] = %0d", 32'sb00000000000000000000000000011111, &A<v0x7fffd708b260, 31> {0 0 0};
    %end;
    .thread T_11;
    .scope S_0x7fffd708ad60;
T_12 ;
    %wait E_0x7fffd708af70;
    %load/vec4 v0x7fffd708bac0_0;
    %pad/u 7;
    %ix/vec4 4;
    %load/vec4a v0x7fffd708b260, 4;
    %assign/vec4 v0x7fffd708b0e0_0, 0;
    %load/vec4 v0x7fffd708bba0_0;
    %pad/u 7;
    %ix/vec4 4;
    %load/vec4a v0x7fffd708b260, 4;
    %assign/vec4 v0x7fffd708b1c0_0, 0;
    %load/vec4 v0x7fffd708b8d0_0;
    %pad/u 32;
    %pushi/vec4 0, 0, 32;
    %cmp/e;
    %flag_get/vec4 4;
    %inv;
    %load/vec4 v0x7fffd708ba00_0;
    %pad/u 32;
    %pushi/vec4 1, 0, 32;
    %cmp/e;
    %flag_get/vec4 4;
    %and;
    %flag_set/vec4 8;
    %jmp/0xz  T_12.0, 8;
    %load/vec4 v0x7fffd708bc80_0;
    %load/vec4 v0x7fffd708b8d0_0;
    %pad/u 7;
    %ix/vec4 3;
    %ix/load 4, 0, 0; Constant delay
    %assign/vec4/a/d v0x7fffd708b260, 0, 4;
T_12.0 ;
    %jmp T_12;
    .thread T_12, $push;
    .scope S_0x7fffd708be80;
T_13 ;
    %wait E_0x7fffd708c020;
    %load/vec4 v0x7fffd708c180_0;
    %parti/s 1, 15, 5;
    %replicate 16;
    %load/vec4 v0x7fffd708c180_0;
    %concat/vec4; draw_concat_vec4
    %assign/vec4 v0x7fffd708c0a0_0, 0;
    %jmp T_13;
    .thread T_13, $push;
    .scope S_0x7fffd7089320;
T_14 ;
    %pushi/vec4 0, 0, 2;
    %assign/vec4 v0x7fffd708a9d0_0, 0;
    %pushi/vec4 0, 0, 3;
    %assign/vec4 v0x7fffd7089fa0_0, 0;
    %pushi/vec4 0, 0, 1;
    %assign/vec4 v0x7fffd708a630_0, 0;
    %pushi/vec4 0, 0, 2;
    %assign/vec4 v0x7fffd7089750_0, 0;
    %pushi/vec4 0, 0, 1;
    %assign/vec4 v0x7fffd7089880_0, 0;
    %pushi/vec4 0, 0, 32;
    %assign/vec4 v0x7fffd708a190_0, 0;
    %pushi/vec4 0, 0, 32;
    %assign/vec4 v0x7fffd708a2a0_0, 0;
    %pushi/vec4 0, 0, 32;
    %assign/vec4 v0x7fffd708a3b0_0, 0;
    %pushi/vec4 0, 0, 32;
    %assign/vec4 v0x7fffd708a830_0, 0;
    %pushi/vec4 0, 0, 5;
    %assign/vec4 v0x7fffd7089e50_0, 0;
    %pushi/vec4 0, 0, 5;
    %assign/vec4 v0x7fffd7089d40_0, 0;
    %end;
    .thread T_14;
    .scope S_0x7fffd7089320;
T_15 ;
    %wait E_0x7fffd706a730;
    %delay 1000, 0;
    %load/vec4 v0x7fffd7089ad0_0;
    %assign/vec4 v0x7fffd708a9d0_0, 0;
    %load/vec4 v0x7fffd7089a30_0;
    %assign/vec4 v0x7fffd7089fa0_0, 0;
    %load/vec4 v0x7fffd7089990_0;
    %parti/s 1, 3, 3;
    %assign/vec4 v0x7fffd708a630_0, 0;
    %load/vec4 v0x7fffd7089990_0;
    %parti/s 2, 1, 2;
    %assign/vec4 v0x7fffd7089750_0, 0;
    %load/vec4 v0x7fffd7089990_0;
    %parti/s 1, 0, 2;
    %assign/vec4 v0x7fffd7089880_0, 0;
    %load/vec4 v0x7fffd708a0b0_0;
    %assign/vec4 v0x7fffd708a190_0, 0;
    %load/vec4 v0x7fffd708a470_0;
    %assign/vec4 v0x7fffd708a2a0_0, 0;
    %load/vec4 v0x7fffd708a550_0;
    %assign/vec4 v0x7fffd708a3b0_0, 0;
    %load/vec4 v0x7fffd708a8f0_0;
    %assign/vec4 v0x7fffd708a830_0, 0;
    %load/vec4 v0x7fffd7089c60_0;
    %assign/vec4 v0x7fffd7089e50_0, 0;
    %load/vec4 v0x7fffd7089bc0_0;
    %assign/vec4 v0x7fffd7089d40_0, 0;
    %jmp T_15;
    .thread T_15, $push;
    .scope S_0x7fffd7082cc0;
T_16 ;
    %pushi/vec4 0, 0, 32;
    %assign/vec4 v0x7fffd7083a50_0, 0;
    %end;
    .thread T_16;
    .scope S_0x7fffd7082cc0;
T_17 ;
    %wait E_0x7fffd6fc1760;
    %load/vec4 v0x7fffd7083970_0;
    %dup/vec4;
    %pushi/vec4 2, 0, 3;
    %cmp/u;
    %jmp/1 T_17.0, 6;
    %dup/vec4;
    %pushi/vec4 6, 0, 3;
    %cmp/u;
    %jmp/1 T_17.1, 6;
    %dup/vec4;
    %pushi/vec4 0, 0, 3;
    %cmp/u;
    %jmp/1 T_17.2, 6;
    %dup/vec4;
    %pushi/vec4 1, 0, 3;
    %cmp/u;
    %jmp/1 T_17.3, 6;
    %dup/vec4;
    %pushi/vec4 7, 0, 3;
    %cmp/u;
    %jmp/1 T_17.4, 6;
    %pushi/vec4 4294967295, 4294967295, 32;
    %store/vec4 v0x7fffd7083a50_0, 0, 32;
    %jmp T_17.6;
T_17.0 ;
    %load/vec4 v0x7fffd70837b0_0;
    %load/vec4 v0x7fffd7083890_0;
    %add;
    %store/vec4 v0x7fffd7083a50_0, 0, 32;
    %jmp T_17.6;
T_17.1 ;
    %load/vec4 v0x7fffd70837b0_0;
    %load/vec4 v0x7fffd7083890_0;
    %sub;
    %store/vec4 v0x7fffd7083a50_0, 0, 32;
    %jmp T_17.6;
T_17.2 ;
    %load/vec4 v0x7fffd70837b0_0;
    %pushi/vec4 0, 0, 32;
    %cmp/e;
    %flag_get/vec4 4;
    %inv;
    %load/vec4 v0x7fffd7083890_0;
    %pushi/vec4 0, 0, 32;
    %cmp/e;
    %flag_get/vec4 4;
    %inv;
    %and;
    %pad/u 32;
    %store/vec4 v0x7fffd7083a50_0, 0, 32;
    %jmp T_17.6;
T_17.3 ;
    %load/vec4 v0x7fffd70837b0_0;
    %pushi/vec4 0, 0, 32;
    %cmp/e;
    %flag_get/vec4 4;
    %inv;
    %load/vec4 v0x7fffd7083890_0;
    %pushi/vec4 0, 0, 32;
    %cmp/e;
    %flag_get/vec4 4;
    %inv;
    %or;
    %pad/u 32;
    %store/vec4 v0x7fffd7083a50_0, 0, 32;
    %jmp T_17.6;
T_17.4 ;
    %load/vec4 v0x7fffd70837b0_0;
    %load/vec4 v0x7fffd7083890_0;
    %cmp/u;
    %flag_mov 8, 5;
    %jmp/0 T_17.7, 8;
    %pushi/vec4 1, 0, 32;
    %load/vec4 v0x7fffd7083b30_0;
    %pad/u 32;
    %sub;
    %jmp/1 T_17.8, 8;
T_17.7 ; End of true expr.
    %pushi/vec4 0, 0, 32;
    %load/vec4 v0x7fffd7083b30_0;
    %pad/u 32;
    %add;
    %jmp/0 T_17.8, 8;
 ; End of false expr.
    %blend;
T_17.8;
    %store/vec4 v0x7fffd7083a50_0, 0, 32;
    %jmp T_17.6;
T_17.6 ;
    %pop/vec4 1;
    %jmp T_17;
    .thread T_17, $push;
    .scope S_0x7fffd7083d50;
T_18 ;
    %pushi/vec4 0, 0, 3;
    %assign/vec4 v0x7fffd7084c50_0, 0;
    %end;
    .thread T_18;
    .scope S_0x7fffd7083d50;
T_19 ;
    %wait E_0x7fffd6fc1320;
    %load/vec4 v0x7fffd7084a70_0;
    %cmpi/e 2, 0, 2;
    %jmp/0xz  T_19.0, 4;
    %load/vec4 v0x7fffd7084b70_0;
    %dup/vec4;
    %pushi/vec4 32, 0, 6;
    %cmp/u;
    %jmp/1 T_19.2, 6;
    %dup/vec4;
    %pushi/vec4 34, 0, 6;
    %cmp/u;
    %jmp/1 T_19.3, 6;
    %dup/vec4;
    %pushi/vec4 36, 0, 6;
    %cmp/u;
    %jmp/1 T_19.4, 6;
    %dup/vec4;
    %pushi/vec4 37, 0, 6;
    %cmp/u;
    %jmp/1 T_19.5, 6;
    %dup/vec4;
    %pushi/vec4 42, 0, 6;
    %cmp/u;
    %jmp/1 T_19.6, 6;
    %pushi/vec4 3, 0, 3;
    %assign/vec4 v0x7fffd7084c50_0, 0;
    %jmp T_19.8;
T_19.2 ;
    %pushi/vec4 2, 0, 3;
    %assign/vec4 v0x7fffd7084c50_0, 0;
    %jmp T_19.8;
T_19.3 ;
    %pushi/vec4 6, 0, 3;
    %assign/vec4 v0x7fffd7084c50_0, 0;
    %jmp T_19.8;
T_19.4 ;
    %pushi/vec4 0, 0, 3;
    %assign/vec4 v0x7fffd7084c50_0, 0;
    %jmp T_19.8;
T_19.5 ;
    %pushi/vec4 1, 0, 3;
    %assign/vec4 v0x7fffd7084c50_0, 0;
    %jmp T_19.8;
T_19.6 ;
    %pushi/vec4 7, 0, 3;
    %assign/vec4 v0x7fffd7084c50_0, 0;
    %jmp T_19.8;
T_19.8 ;
    %pop/vec4 1;
    %jmp T_19.1;
T_19.0 ;
    %load/vec4 v0x7fffd7084a70_0;
    %cmpi/e 0, 0, 2;
    %jmp/0xz  T_19.9, 4;
    %pushi/vec4 2, 0, 3;
    %assign/vec4 v0x7fffd7084c50_0, 0;
    %jmp T_19.10;
T_19.9 ;
    %load/vec4 v0x7fffd7084a70_0;
    %cmpi/e 1, 0, 2;
    %jmp/0xz  T_19.11, 4;
    %pushi/vec4 6, 0, 3;
    %assign/vec4 v0x7fffd7084c50_0, 0;
    %jmp T_19.12;
T_19.11 ;
    %load/vec4 v0x7fffd7084a70_0;
    %cmpi/e 3, 0, 2;
    %jmp/0xz  T_19.13, 4;
    %pushi/vec4 3, 0, 3;
    %assign/vec4 v0x7fffd7084c50_0, 0;
    %jmp T_19.14;
T_19.13 ;
    %load/vec4 v0x7fffd7084c50_0;
    %assign/vec4 v0x7fffd7084c50_0, 0;
T_19.14 ;
T_19.12 ;
T_19.10 ;
T_19.1 ;
    %jmp T_19;
    .thread T_19, $push;
    .scope S_0x7fffd7085370;
T_20 ;
    %pushi/vec4 0, 0, 2;
    %assign/vec4 v0x7fffd7086380_0, 0;
    %pushi/vec4 0, 0, 1;
    %assign/vec4 v0x7fffd7085bc0_0, 0;
    %pushi/vec4 0, 0, 1;
    %assign/vec4 v0x7fffd7085f70_0, 0;
    %pushi/vec4 0, 0, 1;
    %assign/vec4 v0x7fffd7086030_0, 0;
    %pushi/vec4 0, 0, 32;
    %assign/vec4 v0x7fffd7085780_0, 0;
    %pushi/vec4 0, 0, 1;
    %assign/vec4 v0x7fffd7086460_0, 0;
    %pushi/vec4 0, 0, 32;
    %assign/vec4 v0x7fffd7085940_0, 0;
    %pushi/vec4 0, 0, 32;
    %assign/vec4 v0x7fffd70861e0_0, 0;
    %pushi/vec4 0, 0, 5;
    %assign/vec4 v0x7fffd7085e00_0, 0;
    %end;
    .thread T_20;
    .scope S_0x7fffd7085370;
T_21 ;
    %wait E_0x7fffd6fc1580;
    %delay 1000, 0;
    %load/vec4 v0x7fffd7085d20_0;
    %assign/vec4 v0x7fffd7086380_0, 0;
    %load/vec4 v0x7fffd7085c60_0;
    %parti/s 1, 2, 3;
    %assign/vec4 v0x7fffd7085bc0_0, 0;
    %load/vec4 v0x7fffd7085c60_0;
    %parti/s 1, 1, 2;
    %assign/vec4 v0x7fffd7085f70_0, 0;
    %load/vec4 v0x7fffd7085c60_0;
    %parti/s 1, 0, 2;
    %assign/vec4 v0x7fffd7086030_0, 0;
    %load/vec4 v0x7fffd7085880_0;
    %assign/vec4 v0x7fffd7085780_0, 0;
    %load/vec4 v0x7fffd7085ad0_0;
    %assign/vec4 v0x7fffd7086460_0, 0;
    %load/vec4 v0x7fffd70859e0_0;
    %assign/vec4 v0x7fffd7085940_0, 0;
    %load/vec4 v0x7fffd70862a0_0;
    %assign/vec4 v0x7fffd70861e0_0, 0;
    %load/vec4 v0x7fffd70860f0_0;
    %assign/vec4 v0x7fffd7085e00_0, 0;
    %jmp T_21;
    .thread T_21, $push;
    .scope S_0x7fffd7090690;
T_22 ;
    %pushi/vec4 0, 0, 32;
    %assign/vec4 v0x7fffd7090e20_0, 0;
    %vpi_call 23 27 "$readmemb", "data.txt", v0x7fffd7090940 {0 0 0};
    %pushi/vec4 6, 0, 32;
    %store/vec4 v0x7fffd7090b30_0, 0, 32;
T_22.0 ;
    %load/vec4 v0x7fffd7090b30_0;
    %cmpi/s 256, 0, 32;
    %jmp/0xz T_22.1, 5;
    %load/vec4 v0x7fffd7090b30_0;
    %ix/getv/s 4, v0x7fffd7090b30_0;
    %store/vec4a v0x7fffd7090940, 4, 0;
    %load/vec4 v0x7fffd7090b30_0;
    %addi 1, 0, 32;
    %store/vec4 v0x7fffd7090b30_0, 0, 32;
    %jmp T_22.0;
T_22.1 ;
    %vpi_call 23 34 "$display", "From Data Memory (data.txt):" {0 0 0};
    %pushi/vec4 0, 0, 32;
    %store/vec4 v0x7fffd7090b30_0, 0, 32;
T_22.2 ;
    %load/vec4 v0x7fffd7090b30_0;
    %cmpi/s 6, 0, 32;
    %jmp/0xz T_22.3, 5;
    %vpi_call 23 36 "$display", "\011DMEM[%0d] = %0h", v0x7fffd7090b30_0, &A<v0x7fffd7090940, v0x7fffd7090b30_0 > {0 0 0};
    %load/vec4 v0x7fffd7090b30_0;
    %addi 1, 0, 32;
    %store/vec4 v0x7fffd7090b30_0, 0, 32;
    %jmp T_22.2;
T_22.3 ;
    %vpi_call 23 39 "$display", "From Data Memory (initial):" {0 0 0};
    %pushi/vec4 6, 0, 32;
    %store/vec4 v0x7fffd7090b30_0, 0, 32;
T_22.4 ;
    %load/vec4 v0x7fffd7090b30_0;
    %cmpi/s 10, 0, 32;
    %jmp/0xz T_22.5, 5;
    %vpi_call 23 41 "$display", "\011DMEM[%0d] = %0d", v0x7fffd7090b30_0, &A<v0x7fffd7090940, v0x7fffd7090b30_0 > {0 0 0};
    %load/vec4 v0x7fffd7090b30_0;
    %addi 1, 0, 32;
    %store/vec4 v0x7fffd7090b30_0, 0, 32;
    %jmp T_22.4;
T_22.5 ;
    %vpi_call 23 44 "$display", "\011..." {0 0 0};
    %vpi_call 23 45 "$display", "\011DMEM[%0d] = %0d", 32'sb00000000000000000000000011111111, &A<v0x7fffd7090940, 255> {0 0 0};
    %end;
    .thread T_22;
    .scope S_0x7fffd7090690;
T_23 ;
    %wait E_0x7fffd70908e0;
    %load/vec4 v0x7fffd7090bf0_0;
    %pad/u 32;
    %pushi/vec4 1, 0, 32;
    %cmp/e;
    %flag_get/vec4 4;
    %load/vec4 v0x7fffd7090ce0_0;
    %pad/u 32;
    %pushi/vec4 0, 0, 32;
    %cmp/e;
    %flag_get/vec4 4;
    %and;
    %flag_set/vec4 8;
    %jmp/0xz  T_23.0, 8;
    %ix/getv 4, v0x7fffd7090a20_0;
    %load/vec4a v0x7fffd7090940, 4;
    %assign/vec4 v0x7fffd7090e20_0, 0;
T_23.0 ;
    %load/vec4 v0x7fffd7090ce0_0;
    %pad/u 32;
    %pushi/vec4 1, 0, 32;
    %cmp/e;
    %flag_get/vec4 4;
    %load/vec4 v0x7fffd7090ce0_0;
    %pad/u 32;
    %pushi/vec4 0, 0, 32;
    %cmp/e;
    %flag_get/vec4 4;
    %and;
    %flag_set/vec4 8;
    %jmp/0xz  T_23.2, 8;
    %load/vec4 v0x7fffd7090f00_0;
    %ix/getv 3, v0x7fffd7090a20_0;
    %ix/load 4, 0, 0; Constant delay
    %assign/vec4/a/d v0x7fffd7090940, 0, 4;
T_23.2 ;
    %jmp T_23;
    .thread T_23, $push;
    .scope S_0x7fffd70910b0;
T_24 ;
    %pushi/vec4 0, 0, 1;
    %assign/vec4 v0x7fffd7091a60_0, 0;
    %pushi/vec4 0, 0, 1;
    %assign/vec4 v0x7fffd70917b0_0, 0;
    %pushi/vec4 0, 0, 32;
    %assign/vec4 v0x7fffd70918c0_0, 0;
    %pushi/vec4 0, 0, 32;
    %assign/vec4 v0x7fffd70915e0_0, 0;
    %pushi/vec4 0, 0, 5;
    %assign/vec4 v0x7fffd70916a0_0, 0;
    %end;
    .thread T_24;
    .scope S_0x7fffd70910b0;
T_25 ;
    %wait E_0x7fffd70913b0;
    %delay 1000, 0;
    %load/vec4 v0x7fffd70914d0_0;
    %parti/s 1, 1, 2;
    %assign/vec4 v0x7fffd7091a60_0, 0;
    %load/vec4 v0x7fffd70914d0_0;
    %parti/s 1, 0, 2;
    %assign/vec4 v0x7fffd70917b0_0, 0;
    %load/vec4 v0x7fffd70919a0_0;
    %assign/vec4 v0x7fffd70918c0_0, 0;
    %load/vec4 v0x7fffd70913f0_0;
    %assign/vec4 v0x7fffd70915e0_0, 0;
    %load/vec4 v0x7fffd7091b50_0;
    %assign/vec4 v0x7fffd70916a0_0, 0;
    %jmp T_25;
    .thread T_25, $push;
# The file index is used to find the file name in the following table.
:file_names 26;
    "N/A";
    "<interactive>";
    "id_ex.v";
    "pipeline.v";
    "execute.v";
    "adder.v";
    "alu.v";
    "alu_control.v";
    "bottom_mux.v";
    "ex_mem.v";
    "mux.v";
    "idecode.v";
    "control.v";
    "decode_latch.v";
    "register.v";
    "s_extend.v";
    "ifetch.v";
    "add.v";
    "fetch_latch.v";
    "mem.v";
    "pc_mod.v";
    "memory.v";
    "AND.v";
    "data_memory.v";
    "mem_wb.v";
    "writeback.v";
